c:\users\gabriella\desktop\project\project\debug\vc120.pdb
c:\users\gabriella\desktop\project\project\debug\vc120.idb
c:\users\gabriella\desktop\project\project\debug\main.obj
c:\users\gabriella\desktop\c_files\_spring_2014\a250\__cs_a250_today\__day_1\practice_07_darray_template\practice_07_darray_template_solution\project\debug\vc120.pdb
c:\users\gabriella\desktop\c_files\_spring_2014\a250\__cs_a250_today\__day_1\practice_07_darray_template\practice_07_darray_template_solution\project\debug\vc120.idb
c:\users\gabriella\desktop\c_files\_spring_2014\a250\__cs_a250_today\__day_1\practice_07_darray_template\practice_07_darray_template_solution\project\debug\darray.obj
c:\users\gabriella\desktop\c_files\_spring_2014\a250\__cs_a250_today\__day_1\practice_07_darray_template\practice_07_darray_template_solution\project\debug\main.obj
c:\users\gabriella\desktop\c_files\_spring_2014\a250\__cs_a250_today\__day_1\practice_07_darray_template\practice_07_darray_template_solution\project\debug\student.obj
c:\users\gabriella\desktop\project\debug\project.ilk
c:\users\gabriella\desktop\project\debug\project.exe
c:\users\gabriella\desktop\project\debug\project.pdb
c:\users\gabriella\desktop\c_files\_spring_2014\a250\__cs_a250_today\__day_1\practice_07_darray_template\practice_07_darray_template_solution\debug\project.ilk
c:\users\gabriella\desktop\c_files\_spring_2014\a250\__cs_a250_today\__day_1\practice_07_darray_template\practice_07_darray_template_solution\debug\project.exe
c:\users\gabriella\desktop\c_files\_spring_2014\a250\__cs_a250_today\__day_1\practice_07_darray_template\practice_07_darray_template_solution\debug\project.pdb
c:\users\gabriella\desktop\c_files\_spring_2014\a250\__cs_a250_today\__day_1\practice_07_darray_template\practice_07_darray_template_solution\project\debug\project.tlog\cl.command.1.tlog
c:\users\gabriella\desktop\c_files\_spring_2014\a250\__cs_a250_today\__day_1\practice_07_darray_template\practice_07_darray_template_solution\project\debug\project.tlog\cl.read.1.tlog
c:\users\gabriella\desktop\c_files\_spring_2014\a250\__cs_a250_today\__day_1\practice_07_darray_template\practice_07_darray_template_solution\project\debug\project.tlog\cl.write.1.tlog
c:\users\gabriella\desktop\c_files\_spring_2014\a250\__cs_a250_today\__day_1\practice_07_darray_template\practice_07_darray_template_solution\project\debug\project.tlog\link.command.1.tlog
c:\users\gabriella\desktop\c_files\_spring_2014\a250\__cs_a250_today\__day_1\practice_07_darray_template\practice_07_darray_template_solution\project\debug\project.tlog\link.read.1.tlog
c:\users\gabriella\desktop\c_files\_spring_2014\a250\__cs_a250_today\__day_1\practice_07_darray_template\practice_07_darray_template_solution\project\debug\project.tlog\link.write.1.tlog
